<?xml version="1.0" encoding="UTF-8"?>
<testsuites name="Dispensaries (working hours, filters, search results)" time="161.917" tests="10" failures="1" errors="0">
   <testsuite name="Dispensaries (working hours, filters, search results)" tests="10" failures="1" errors="0" time="161.917" timestamp="2019-11-01 11:10:55" hostname="Bojana-PC - BOJANA" id="Test Suites/Dispensaries (working hours, filters, search results)">
      <properties>
         <property name="deviceName" value=""/>
         <property name="devicePlatform" value=""/>
         <property name="logFolder" value="C:\\Users\\Bojana-PC\\git\\Katalon_studio\\Reports\\20191101_111048\\Dispensaries (working hours, filters, search results)\\20191101_111048"/>
         <property name="logFiles" value="C:\\Users\\Bojana-PC\\git\\Katalon_studio\\Reports\\20191101_111048\\Dispensaries (working hours, filters, search results)\\20191101_111048\\execution0.log"/>
         <property name="attachments" value="C:\\Users\\Bojana-PC\\git\\Katalon_studio\\Reports\\20191101_111048\\Dispensaries (working hours, filters, search results)\\20191101_111048\\1572603216501.png"/>
         <property name="hostName" value="Bojana-PC - BOJANA"/>
         <property name="os" value="Windows 10 64bit"/>
         <property name="katalonVersion" value="7.0.3.1"/>
         <property name="browser" value="Chrome 78.0.3904.87"/>
         <property name="hostAddress" value="192.168.56.1"/>
         <property name="sessionId" value="32f88ffc38dc78748907e8cc23f5da31"/>
         <property name="seleniumVersion" value="3.141.59"/>
         <property name="proxyInformation" value="ProxyInformation{proxyOption=NO_PROXY, proxyServerType=HTTP, password=, proxyServerAddress=, proxyServerPort=0}"/>
         <property name="platform" value="Windows 10"/>
      </properties>
      <testcase name="Test Cases/Dutchie/Working hours - Blooming Deals" time="22.408" classname="Test Cases/Dutchie/Working hours - Blooming Deals" status="PASSED">
         <system-out><![CDATA[2019-11-01 11:10:56 - [TEST_CASE][PASSED] - Test Cases/Dutchie/Working hours - Blooming Deals: Test Cases/Dutchie/Working hours - Blooming Deals

2019-11-01 11:10:56 - [TEST_STEP][PASSED] - callTestCase(findTestCase("Dutchie/Open Blooming Deals dispensary"), [:], STOP_ON_FAILURE): Call Test Case 'Test Cases/Dutchie/Open Blooming Deals dispensary' successfully

2019-11-01 11:10:57 - [TEST_CASE][PASSED] - Test Cases/Dutchie/Open Blooming Deals dispensary: Test Cases/Dutchie/Open Blooming Deals dispensary

2019-11-01 11:10:57 - [TEST_STEP][PASSED] - callTestCase(findTestCase("Dutchie/Open Dutchie homepage"), [:], STOP_ON_FAILURE): Call Test Case 'Test Cases/Dutchie/Open Dutchie homepage' successfully

2019-11-01 11:10:57 - [TEST_CASE][PASSED] - Test Cases/Dutchie/Open Dutchie homepage: Test Cases/Dutchie/Open Dutchie homepage

2019-11-01 11:10:57 - [TEST_STEP][PASSED] - openBrowser("https://qa.dutchie.dev/home"): Browser is opened with url: 'https://qa.dutchie.dev/home'

2019-11-01 11:10:58 - [MESSAGE][INFO] - Starting 'Chrome' driver

2019-11-01 11:10:58 - [MESSAGE][INFO] - Action delay is set to 0 seconds

2019-11-01 11:11:08 - [MESSAGE][PASSED] - Browser is opened with url: 'https://qa.dutchie.dev/home'

2019-11-01 11:11:08 - [TEST_STEP][PASSED] - maximizeWindow(): Current window maximized

2019-11-01 11:11:12 - [MESSAGE][PASSED] - Current window maximized

2019-11-01 11:11:12 - [TEST_STEP][NOT_RUN] - verifyElementPresent(findTestObject("Dutchie/Homepage/searchBar"), 10): NOT_RUN: verifyElementPresent(findTestObject("Dutchie/Homepage/searchBar"), 10)

2019-11-01 11:11:12 - [MESSAGE][NOT_RUN] - NOT_RUN: verifyElementPresent(findTestObject("Dutchie/Homepage/searchBar"), 10)

2019-11-01 11:11:12 - [TEST_STEP][NOT_RUN] - closeBrowser(): NOT_RUN: closeBrowser()

2019-11-01 11:11:12 - [MESSAGE][NOT_RUN] - NOT_RUN: closeBrowser()

2019-11-01 11:11:12 - [MESSAGE][PASSED] - Call Test Case 'Test Cases/Dutchie/Open Dutchie homepage' successfully

2019-11-01 11:11:12 - [TEST_STEP][PASSED] - scrollToElement(findTestObject("Dutchie/Homepage/BloomingDealsLink"), 0): Scroll to object 'Object Repository/Dutchie/Homepage/BloomingDealsLink' successfully

2019-11-01 11:11:12 - [MESSAGE][WARNING] - Timeout '0' is invalid. Using default page load timeout: '30'

2019-11-01 11:11:13 - [MESSAGE][PASSED] - Scroll to object 'Object Repository/Dutchie/Homepage/BloomingDealsLink' successfully

2019-11-01 11:11:13 - [TEST_STEP][PASSED] - click(findTestObject("Dutchie/Homepage/BloomingDealsLink")): Object: 'Object Repository/Dutchie/Homepage/BloomingDealsLink' is clicked on

2019-11-01 11:11:13 - [MESSAGE][PASSED] - Object: 'Object Repository/Dutchie/Homepage/BloomingDealsLink' is clicked on

2019-11-01 11:11:13 - [TEST_STEP][PASSED] - waitForPageLoad(5): Wait for page load successfully

2019-11-01 11:11:13 - [MESSAGE][PASSED] - Wait for page load successfully

2019-11-01 11:11:13 - [MESSAGE][PASSED] - Call Test Case 'Test Cases/Dutchie/Open Blooming Deals dispensary' successfully

2019-11-01 11:11:13 - [TEST_STEP][PASSED] - click(findTestObject("Dutchie/Dispensary page/WorkingHours")): Object: 'Object Repository/Dutchie/Dispensary page/WorkingHours' is clicked on

2019-11-01 11:11:15 - [MESSAGE][PASSED] - Object: 'Object Repository/Dutchie/Dispensary page/WorkingHours' is clicked on

2019-11-01 11:11:15 - [TEST_STEP][PASSED] - verifyTextPresent("Pickup", false): Text 'Pickup' is present on page 

2019-11-01 11:11:17 - [MESSAGE][PASSED] - Text 'Pickup' is present on page 

2019-11-01 11:11:17 - [TEST_STEP][PASSED] - verifyTextPresent("Delivery", false): Text 'Delivery' is present on page 

2019-11-01 11:11:17 - [MESSAGE][PASSED] - Text 'Delivery' is present on page 

2019-11-01 11:11:17 - [TEST_STEP][PASSED] - verifyTextPresent("Location", false): Text 'Location' is present on page 

2019-11-01 11:11:18 - [MESSAGE][PASSED] - Text 'Location' is present on page 

2019-11-01 11:11:18 - [TEST_STEP][PASSED] - click(findTestObject("Dutchie/Dispensary page/DutchieLogo")): Object: 'Object Repository/Dutchie/Dispensary page/DutchieLogo' is clicked on

2019-11-01 11:11:18 - [MESSAGE][PASSED] - Object: 'Object Repository/Dutchie/Dispensary page/DutchieLogo' is clicked on]]></system-out>
         <system-err><![CDATA[]]></system-err>
      </testcase>
      <testcase name="Test Cases/Dutchie/Check functionality of links in the menu" time="14.838" classname="Test Cases/Dutchie/Check functionality of links in the menu" status="PASSED">
         <system-out><![CDATA[2019-11-01 11:11:18 - [TEST_CASE][PASSED] - Test Cases/Dutchie/Check functionality of links in the menu: Test Cases/Dutchie/Check functionality of links in the menu

2019-11-01 11:11:19 - [TEST_STEP][NOT_RUN] - callTestCase(findTestCase("Dutchie/Open Dutchie homepage"), [:], STOP_ON_FAILURE): NOT_RUN: callTestCase(findTestCase("Dutchie/Open Dutchie homepage"), [:], STOP_ON_FAILURE)

2019-11-01 11:11:19 - [MESSAGE][NOT_RUN] - NOT_RUN: callTestCase(findTestCase("Dutchie/Open Dutchie homepage"), [:], STOP_ON_FAILURE)

2019-11-01 11:11:19 - [TEST_STEP][PASSED] - scrollToElement(findTestObject("Dutchie/Homepage/ChaliceFarmLink"), 3): Scroll to object 'Object Repository/Dutchie/Homepage/ChaliceFarmLink' successfully

2019-11-01 11:11:19 - [MESSAGE][PASSED] - Scroll to object 'Object Repository/Dutchie/Homepage/ChaliceFarmLink' successfully

2019-11-01 11:11:19 - [TEST_STEP][PASSED] - click(findTestObject("Dutchie/Homepage/ChaliceFarmLink")): Object: 'Object Repository/Dutchie/Homepage/ChaliceFarmLink' is clicked on

2019-11-01 11:11:19 - [MESSAGE][PASSED] - Object: 'Object Repository/Dutchie/Homepage/ChaliceFarmLink' is clicked on

2019-11-01 11:11:19 - [TEST_STEP][PASSED] - waitForPageLoad(2): Wait for page load successfully

2019-11-01 11:11:19 - [MESSAGE][PASSED] - Wait for page load successfully

2019-11-01 11:11:19 - [TEST_STEP][PASSED] - click(findTestObject("Dutchie/Filters in the menu/Pre-Rolls")): Object: 'Object Repository/Dutchie/Filters in the menu/Pre-Rolls' is clicked on

2019-11-01 11:11:20 - [MESSAGE][PASSED] - Object: 'Object Repository/Dutchie/Filters in the menu/Pre-Rolls' is clicked on

2019-11-01 11:11:20 - [TEST_STEP][PASSED] - verifyTextPresent("Pre-Rolls", false): Text 'Pre-Rolls' is present on page 

2019-11-01 11:11:21 - [MESSAGE][PASSED] - Text 'Pre-Rolls' is present on page 

2019-11-01 11:11:21 - [TEST_STEP][PASSED] - click(findTestObject("Dutchie/Filters in the menu/Vaporizers")): Object: 'Object Repository/Dutchie/Filters in the menu/Vaporizers' is clicked on

2019-11-01 11:11:22 - [MESSAGE][PASSED] - Object: 'Object Repository/Dutchie/Filters in the menu/Vaporizers' is clicked on

2019-11-01 11:11:22 - [TEST_STEP][PASSED] - verifyTextPresent("Vaporizers", false): Text 'Vaporizers' is present on page 

2019-11-01 11:11:24 - [MESSAGE][PASSED] - Text 'Vaporizers' is present on page 

2019-11-01 11:11:24 - [TEST_STEP][PASSED] - click(findTestObject("Dutchie/Filters in the menu/Concentrates")): Object: 'Object Repository/Dutchie/Filters in the menu/Concentrates' is clicked on

2019-11-01 11:11:25 - [MESSAGE][PASSED] - Object: 'Object Repository/Dutchie/Filters in the menu/Concentrates' is clicked on

2019-11-01 11:11:25 - [TEST_STEP][PASSED] - verifyTextPresent("Concentrates", false): Text 'Concentrates' is present on page 

2019-11-01 11:11:26 - [MESSAGE][PASSED] - Text 'Concentrates' is present on page 

2019-11-01 11:11:26 - [TEST_STEP][PASSED] - click(findTestObject("Dutchie/Filters in the menu/Edibles")): Object: 'Object Repository/Dutchie/Filters in the menu/Edibles' is clicked on

2019-11-01 11:11:27 - [MESSAGE][PASSED] - Object: 'Object Repository/Dutchie/Filters in the menu/Edibles' is clicked on

2019-11-01 11:11:27 - [TEST_STEP][PASSED] - verifyTextPresent("Edibles", false): Text 'Edibles' is present on page 

2019-11-01 11:11:28 - [MESSAGE][PASSED] - Text 'Edibles' is present on page 

2019-11-01 11:11:28 - [TEST_STEP][PASSED] - click(findTestObject("Dutchie/Filters in the menu/Topicals")): Object: 'Object Repository/Dutchie/Filters in the menu/Topicals' is clicked on

2019-11-01 11:11:29 - [MESSAGE][PASSED] - Object: 'Object Repository/Dutchie/Filters in the menu/Topicals' is clicked on

2019-11-01 11:11:29 - [TEST_STEP][PASSED] - verifyTextPresent("Topicals", false): Text 'Topicals' is present on page 

2019-11-01 11:11:30 - [MESSAGE][PASSED] - Text 'Topicals' is present on page 

2019-11-01 11:11:30 - [TEST_STEP][PASSED] - click(findTestObject("Dutchie/Filters in the menu/Flower")): Object: 'Object Repository/Dutchie/Filters in the menu/Flower' is clicked on

2019-11-01 11:11:31 - [MESSAGE][PASSED] - Object: 'Object Repository/Dutchie/Filters in the menu/Flower' is clicked on

2019-11-01 11:11:31 - [TEST_STEP][PASSED] - verifyTextPresent("Flower", false): Text 'Flower' is present on page 

2019-11-01 11:11:33 - [MESSAGE][PASSED] - Text 'Flower' is present on page 

2019-11-01 11:11:33 - [TEST_STEP][PASSED] - click(findTestObject("Dutchie/Dispensary page/DutchieLogo")): Object: 'Object Repository/Dutchie/Dispensary page/DutchieLogo' is clicked on

2019-11-01 11:11:33 - [MESSAGE][PASSED] - Object: 'Object Repository/Dutchie/Dispensary page/DutchieLogo' is clicked on]]></system-out>
         <system-err><![CDATA[]]></system-err>
      </testcase>
      <testcase name="Test Cases/Dutchie/List Seattle dispensaries" time="9.938" classname="Test Cases/Dutchie/List Seattle dispensaries" status="PASSED">
         <system-out><![CDATA[2019-11-01 11:11:33 - [TEST_CASE][PASSED] - Test Cases/Dutchie/List Seattle dispensaries: Test Cases/Dutchie/List Seattle dispensaries

2019-11-01 11:11:33 - [TEST_STEP][NOT_RUN] - callTestCase(findTestCase("Dutchie/Open Dutchie homepage"), [:], STOP_ON_FAILURE): NOT_RUN: callTestCase(findTestCase("Dutchie/Open Dutchie homepage"), [:], STOP_ON_FAILURE)

2019-11-01 11:11:33 - [MESSAGE][NOT_RUN] - NOT_RUN: callTestCase(findTestCase("Dutchie/Open Dutchie homepage"), [:], STOP_ON_FAILURE)

2019-11-01 11:11:33 - [TEST_STEP][PASSED] - verifyElementPresent(findTestObject("Dutchie/Homepage/searchBar"), 5): Object 'Object Repository/Dutchie/Homepage/searchBar' is present

2019-11-01 11:11:34 - [MESSAGE][PASSED] - Object 'Object Repository/Dutchie/Homepage/searchBar' is present

2019-11-01 11:11:34 - [TEST_STEP][PASSED] - sendKeys(findTestObject("Dutchie/Homepage/searchBar"), "Seattle"): Keys 'Seattle' sent to object: 'Object Repository/Dutchie/Homepage/searchBar'

2019-11-01 11:11:34 - [MESSAGE][PASSED] - Keys 'Seattle' sent to object: 'Object Repository/Dutchie/Homepage/searchBar'

2019-11-01 11:11:34 - [TEST_STEP][PASSED] - delay(2): Delayed 2 second(s)

2019-11-01 11:11:36 - [MESSAGE][PASSED] - Delayed 2 second(s)

2019-11-01 11:11:36 - [TEST_STEP][PASSED] - scrollToElement(findTestObject("Dutchie/Homepage/FirstDispensaryInDropDown"), 2): Scroll to object 'Object Repository/Dutchie/Homepage/FirstDispensaryInDropDown' successfully

2019-11-01 11:11:37 - [MESSAGE][PASSED] - Scroll to object 'Object Repository/Dutchie/Homepage/FirstDispensaryInDropDown' successfully

2019-11-01 11:11:37 - [TEST_STEP][PASSED] - click(findTestObject("Dutchie/Homepage/FirstDispensaryInDropDown")): Object: 'Object Repository/Dutchie/Homepage/FirstDispensaryInDropDown' is clicked on

2019-11-01 11:11:37 - [MESSAGE][PASSED] - Object: 'Object Repository/Dutchie/Homepage/FirstDispensaryInDropDown' is clicked on

2019-11-01 11:11:37 - [TEST_STEP][PASSED] - delay(5): Delayed 5 second(s)

2019-11-01 11:11:42 - [MESSAGE][PASSED] - Delayed 5 second(s)

2019-11-01 11:11:42 - [TEST_STEP][PASSED] - verifyElementPresent(findTestObject("Dutchie/Search results/Seattle,WA"), 2): Object 'Object Repository/Dutchie/Search results/Seattle,WA' is present

2019-11-01 11:11:42 - [MESSAGE][PASSED] - Object 'Object Repository/Dutchie/Search results/Seattle,WA' is present

2019-11-01 11:11:42 - [TEST_STEP][PASSED] - verifyTextPresent("Dispensaries ", false): Text 'Dispensaries ' is present on page 

2019-11-01 11:11:43 - [MESSAGE][PASSED] - Text 'Dispensaries ' is present on page 

2019-11-01 11:11:43 - [TEST_STEP][PASSED] - click(findTestObject("Dutchie/Dispensary page/DutchieLogo")): Object: 'Object Repository/Dutchie/Dispensary page/DutchieLogo' is clicked on

2019-11-01 11:11:43 - [MESSAGE][PASSED] - Object: 'Object Repository/Dutchie/Dispensary page/DutchieLogo' is clicked on]]></system-out>
         <system-err><![CDATA[]]></system-err>
      </testcase>
      <testcase name="Test Cases/Dutchie/Get Eugene dispensaries" time="5.256" classname="Test Cases/Dutchie/Get Eugene dispensaries" status="PASSED">
         <system-out><![CDATA[2019-11-01 11:11:43 - [TEST_CASE][PASSED] - Test Cases/Dutchie/Get Eugene dispensaries: Test Cases/Dutchie/Get Eugene dispensaries

2019-11-01 11:11:43 - [TEST_STEP][NOT_RUN] - callTestCase(findTestCase("Dutchie/Open Dutchie homepage"), [:], STOP_ON_FAILURE): NOT_RUN: callTestCase(findTestCase("Dutchie/Open Dutchie homepage"), [:], STOP_ON_FAILURE)

2019-11-01 11:11:43 - [MESSAGE][NOT_RUN] - NOT_RUN: callTestCase(findTestCase("Dutchie/Open Dutchie homepage"), [:], STOP_ON_FAILURE)

2019-11-01 11:11:43 - [TEST_STEP][PASSED] - scrollToElement(findTestObject("Dutchie/Homepage/EugeneLink"), 2): Scroll to object 'Object Repository/Dutchie/Homepage/EugeneLink' successfully

2019-11-01 11:11:44 - [MESSAGE][PASSED] - Scroll to object 'Object Repository/Dutchie/Homepage/EugeneLink' successfully

2019-11-01 11:11:44 - [TEST_STEP][PASSED] - click(findTestObject("Dutchie/Homepage/EugeneLink")): Object: 'Object Repository/Dutchie/Homepage/EugeneLink' is clicked on

2019-11-01 11:11:44 - [MESSAGE][PASSED] - Object: 'Object Repository/Dutchie/Homepage/EugeneLink' is clicked on

2019-11-01 11:11:44 - [TEST_STEP][PASSED] - waitForPageLoad(2): Wait for page load successfully

2019-11-01 11:11:44 - [MESSAGE][PASSED] - Wait for page load successfully

2019-11-01 11:11:44 - [TEST_STEP][PASSED] - verifyElementPresent(findTestObject("Dutchie/Search results/EugeneOR"), 2): Unable to find the element located by 'By.xpath: //*[@class='legacy-rebass__Truncate-mknjx2-2 jtEaXb']'. Please recheck the objects properties to make sure the desired element is located. 

2019-11-01 11:11:48 - [MESSAGE][INFO] - Unable to find the element located by 'By.xpath: //*[@class='legacy-rebass__Truncate-mknjx2-2 jtEaXb']'. Please recheck the objects properties to make sure the desired element is located. 

2019-11-01 11:11:48 - [TEST_STEP][PASSED] - verifyTextPresent("Dispensaries ", false): Text 'Dispensaries ' is present on page 

2019-11-01 11:11:48 - [MESSAGE][PASSED] - Text 'Dispensaries ' is present on page]]></system-out>
         <system-err><![CDATA[]]></system-err>
      </testcase>
      <testcase name="Test Cases/Dutchie/Search product" time="7.107" classname="Test Cases/Dutchie/Search product" status="PASSED">
         <system-out><![CDATA[2019-11-01 11:11:48 - [TEST_CASE][PASSED] - Test Cases/Dutchie/Search product: Test Cases/Dutchie/Search product

2019-11-01 11:11:49 - [TEST_STEP][NOT_RUN] - callTestCase(findTestCase("Dutchie/Get Eugene dispensaries"), [:], STOP_ON_FAILURE): NOT_RUN: callTestCase(findTestCase("Dutchie/Get Eugene dispensaries"), [:], STOP_ON_FAILURE)

2019-11-01 11:11:49 - [MESSAGE][NOT_RUN] - NOT_RUN: callTestCase(findTestCase("Dutchie/Get Eugene dispensaries"), [:], STOP_ON_FAILURE)

2019-11-01 11:11:49 - [TEST_STEP][PASSED] - click(findTestObject("Dutchie/Search results/AmazonOrganics")): Object: 'Object Repository/Dutchie/Search results/AmazonOrganics' is clicked on

2019-11-01 11:11:49 - [MESSAGE][PASSED] - Object: 'Object Repository/Dutchie/Search results/AmazonOrganics' is clicked on

2019-11-01 11:11:49 - [TEST_STEP][PASSED] - waitForPageLoad(2): Wait for page load successfully

2019-11-01 11:11:49 - [MESSAGE][PASSED] - Wait for page load successfully

2019-11-01 11:11:49 - [TEST_STEP][PASSED] - verifyElementPresent(findTestObject("Dutchie/Dispensary page/SearchProduct"), 2): Object 'Object Repository/Dutchie/Dispensary page/SearchProduct' is present

2019-11-01 11:11:50 - [MESSAGE][PASSED] - Object 'Object Repository/Dutchie/Dispensary page/SearchProduct' is present

2019-11-01 11:11:50 - [TEST_STEP][PASSED] - setText(findTestObject("Dutchie/Dispensary page/SearchProduct"), "Alien Rock"): Text 'Alien Rock' is set on object 'Object Repository/Dutchie/Dispensary page/SearchProduct'

2019-11-01 11:11:50 - [MESSAGE][PASSED] - Text 'Alien Rock' is set on object 'Object Repository/Dutchie/Dispensary page/SearchProduct'

2019-11-01 11:11:50 - [TEST_STEP][PASSED] - delay(2): Delayed 2 second(s)

2019-11-01 11:11:52 - [MESSAGE][PASSED] - Delayed 2 second(s)

2019-11-01 11:11:52 - [TEST_STEP][PASSED] - verifyTextPresent("ALIEN ROCK CANDY | WICKED KIND", false): Text 'ALIEN ROCK CANDY | WICKED KIND' is present on page 

2019-11-01 11:11:53 - [MESSAGE][PASSED] - Text 'ALIEN ROCK CANDY | WICKED KIND' is present on page 

2019-11-01 11:11:53 - [TEST_STEP][PASSED] - click(findTestObject("Dutchie/Dispensary page/ClearSearch")): Object: 'Object Repository/Dutchie/Dispensary page/ClearSearch' is clicked on

2019-11-01 11:11:54 - [MESSAGE][PASSED] - Object: 'Object Repository/Dutchie/Dispensary page/ClearSearch' is clicked on

2019-11-01 11:11:54 - [TEST_STEP][PASSED] - click(findTestObject("Dutchie/Dispensary page/DutchieLogo")): Object: 'Object Repository/Dutchie/Dispensary page/DutchieLogo' is clicked on

2019-11-01 11:11:54 - [MESSAGE][PASSED] - Object: 'Object Repository/Dutchie/Dispensary page/DutchieLogo' is clicked on

2019-11-01 11:11:54 - [TEST_STEP][PASSED] - waitForPageLoad(2): Wait for page load successfully

2019-11-01 11:11:54 - [MESSAGE][PASSED] - Wait for page load successfully

2019-11-01 11:11:54 - [TEST_STEP][PASSED] - click(findTestObject("Dutchie/Dispensary page/DutchieLogo")): Object: 'Object Repository/Dutchie/Dispensary page/DutchieLogo' is clicked on

2019-11-01 11:11:55 - [MESSAGE][PASSED] - Object: 'Object Repository/Dutchie/Dispensary page/DutchieLogo' is clicked on]]></system-out>
         <system-err><![CDATA[]]></system-err>
      </testcase>
      <testcase name="Test Cases/Dutchie/Check functionality of filters on the search result page" time="25.544" classname="Test Cases/Dutchie/Check functionality of filters on the search result page" status="PASSED">
         <system-out><![CDATA[2019-11-01 11:11:55 - [TEST_CASE][PASSED] - Test Cases/Dutchie/Check functionality of filters on the search result page: Test Cases/Dutchie/Check functionality of filters on the search result page

2019-11-01 11:11:56 - [TEST_STEP][NOT_RUN] - callTestCase(findTestCase("Dutchie/Open Dutchie homepage"), [:], STOP_ON_FAILURE): NOT_RUN: callTestCase(findTestCase("Dutchie/Open Dutchie homepage"), [:], STOP_ON_FAILURE)

2019-11-01 11:11:56 - [MESSAGE][NOT_RUN] - NOT_RUN: callTestCase(findTestCase("Dutchie/Open Dutchie homepage"), [:], STOP_ON_FAILURE)

2019-11-01 11:11:56 - [TEST_STEP][PASSED] - sendKeys(findTestObject("Dutchie/Homepage/searchBar"), "Portland"): Keys 'Portland' sent to object: 'Object Repository/Dutchie/Homepage/searchBar'

2019-11-01 11:11:56 - [MESSAGE][PASSED] - Keys 'Portland' sent to object: 'Object Repository/Dutchie/Homepage/searchBar'

2019-11-01 11:11:56 - [TEST_STEP][PASSED] - scrollToElement(findTestObject("Dutchie/Homepage/FirstDispensaryInDropDown"), 2): Scroll to object 'Object Repository/Dutchie/Homepage/FirstDispensaryInDropDown' successfully

2019-11-01 11:11:57 - [MESSAGE][PASSED] - Scroll to object 'Object Repository/Dutchie/Homepage/FirstDispensaryInDropDown' successfully

2019-11-01 11:11:57 - [TEST_STEP][PASSED] - click(findTestObject("Dutchie/Homepage/FirstDispensaryInDropDown")): Object: 'Object Repository/Dutchie/Homepage/FirstDispensaryInDropDown' is clicked on

2019-11-01 11:11:57 - [MESSAGE][PASSED] - Object: 'Object Repository/Dutchie/Homepage/FirstDispensaryInDropDown' is clicked on

2019-11-01 11:11:57 - [TEST_STEP][PASSED] - waitForPageLoad(2): Wait for page load successfully

2019-11-01 11:11:57 - [MESSAGE][PASSED] - Wait for page load successfully

2019-11-01 11:11:57 - [TEST_STEP][PASSED] - click(findTestObject("Dutchie/Search results/OpenForDelivery")): Object: 'Object Repository/Dutchie/Search results/OpenForDelivery' is clicked on

2019-11-01 11:11:58 - [MESSAGE][PASSED] - Object: 'Object Repository/Dutchie/Search results/OpenForDelivery' is clicked on

2019-11-01 11:11:58 - [TEST_STEP][PASSED] - verifyMatch("We couldn't find any dispensaries!", "We couldn't find any dispensaries!", false): Actual text 'We couldn't find any dispensaries!' and expected text 'We couldn't find any dispensaries!' are matched 

2019-11-01 11:11:58 - [MESSAGE][PASSED] - Actual text 'We couldn't find any dispensaries!' and expected text 'We couldn't find any dispensaries!' are matched 

2019-11-01 11:11:58 - [TEST_STEP][PASSED] - click(findTestObject("Dutchie/Search results/OpenForDelivery")): Object: 'Object Repository/Dutchie/Search results/OpenForDelivery' is clicked on

2019-11-01 11:11:59 - [MESSAGE][PASSED] - Object: 'Object Repository/Dutchie/Search results/OpenForDelivery' is clicked on

2019-11-01 11:11:59 - [TEST_STEP][PASSED] - delay(5): Delayed 5 second(s)

2019-11-01 11:12:04 - [MESSAGE][PASSED] - Delayed 5 second(s)

2019-11-01 11:12:04 - [TEST_STEP][PASSED] - click(findTestObject("Dutchie/Search results/NoDeliveryMinimum")): Object: 'Object Repository/Dutchie/Search results/NoDeliveryMinimum' is clicked on

2019-11-01 11:12:04 - [MESSAGE][PASSED] - Object: 'Object Repository/Dutchie/Search results/NoDeliveryMinimum' is clicked on

2019-11-01 11:12:04 - [TEST_STEP][PASSED] - verifyMatch("We couldn't find any dispensaries!", "We couldn't find any dispensaries!", false): Actual text 'We couldn't find any dispensaries!' and expected text 'We couldn't find any dispensaries!' are matched 

2019-11-01 11:12:04 - [MESSAGE][PASSED] - Actual text 'We couldn't find any dispensaries!' and expected text 'We couldn't find any dispensaries!' are matched 

2019-11-01 11:12:04 - [TEST_STEP][PASSED] - click(findTestObject("Dutchie/Search results/NoDeliveryMinimum")): Object: 'Object Repository/Dutchie/Search results/NoDeliveryMinimum' is clicked on

2019-11-01 11:12:06 - [MESSAGE][PASSED] - Object: 'Object Repository/Dutchie/Search results/NoDeliveryMinimum' is clicked on

2019-11-01 11:12:06 - [TEST_STEP][PASSED] - delay(5): Delayed 5 second(s)

2019-11-01 11:12:11 - [MESSAGE][PASSED] - Delayed 5 second(s)

2019-11-01 11:12:11 - [TEST_STEP][PASSED] - click(findTestObject("Dutchie/Search results/AcceptsCreditCards")): Object: 'Object Repository/Dutchie/Search results/AcceptsCreditCards' is clicked on

2019-11-01 11:12:11 - [MESSAGE][PASSED] - Object: 'Object Repository/Dutchie/Search results/AcceptsCreditCards' is clicked on

2019-11-01 11:12:11 - [TEST_STEP][PASSED] - verifyTextNotPresent("We couldn't find any dispensaries!", false, STOP_ON_FAILURE): Text 'We couldn't find any dispensaries!' is not present on page

2019-11-01 11:12:12 - [MESSAGE][PASSED] - Text 'We couldn't find any dispensaries!' is not present on page

2019-11-01 11:12:12 - [TEST_STEP][PASSED] - click(findTestObject("Dutchie/Search results/AcceptsCreditCards")): Object: 'Object Repository/Dutchie/Search results/AcceptsCreditCards' is clicked on

2019-11-01 11:12:13 - [MESSAGE][PASSED] - Object: 'Object Repository/Dutchie/Search results/AcceptsCreditCards' is clicked on

2019-11-01 11:12:13 - [TEST_STEP][PASSED] - delay(5): Delayed 5 second(s)

2019-11-01 11:12:18 - [MESSAGE][PASSED] - Delayed 5 second(s)

2019-11-01 11:12:18 - [TEST_STEP][PASSED] - click(findTestObject("Dutchie/Search results/FreeDelivery")): Object: 'Object Repository/Dutchie/Search results/FreeDelivery' is clicked on

2019-11-01 11:12:19 - [MESSAGE][PASSED] - Object: 'Object Repository/Dutchie/Search results/FreeDelivery' is clicked on

2019-11-01 11:12:19 - [TEST_STEP][PASSED] - delay(2): Delayed 2 second(s)

2019-11-01 11:12:21 - [MESSAGE][PASSED] - Delayed 2 second(s)

2019-11-01 11:12:21 - [TEST_STEP][PASSED] - verifyMatch("Diem Delivery", "Diem Delivery", false): Actual text 'Diem Delivery' and expected text 'Diem Delivery' are matched 

2019-11-01 11:12:21 - [MESSAGE][PASSED] - Actual text 'Diem Delivery' and expected text 'Diem Delivery' are matched 

2019-11-01 11:12:21 - [TEST_STEP][PASSED] - click(findTestObject("Dutchie/Dispensary page/DutchieLogo")): Object: 'Object Repository/Dutchie/Dispensary page/DutchieLogo' is clicked on

2019-11-01 11:12:21 - [MESSAGE][PASSED] - Object: 'Object Repository/Dutchie/Dispensary page/DutchieLogo' is clicked on]]></system-out>
         <system-err><![CDATA[]]></system-err>
      </testcase>
      <testcase name="Test Cases/Dutchie/Deselect all filters on the search results page" time="17.223" classname="Test Cases/Dutchie/Deselect all filters on the search results page" status="PASSED">
         <system-out><![CDATA[2019-11-01 11:12:21 - [TEST_CASE][PASSED] - Test Cases/Dutchie/Deselect all filters on the search results page: Test Cases/Dutchie/Deselect all filters on the search results page

2019-11-01 11:12:21 - [TEST_STEP][NOT_RUN] - callTestCase(findTestCase("Dutchie/Open Dutchie homepage"), [:], STOP_ON_FAILURE): NOT_RUN: callTestCase(findTestCase("Dutchie/Open Dutchie homepage"), [:], STOP_ON_FAILURE)

2019-11-01 11:12:21 - [MESSAGE][NOT_RUN] - NOT_RUN: callTestCase(findTestCase("Dutchie/Open Dutchie homepage"), [:], STOP_ON_FAILURE)

2019-11-01 11:12:21 - [TEST_STEP][PASSED] - scrollToElement(findTestObject("Dutchie/Homepage/EugeneLink"), 2): Scroll to object 'Object Repository/Dutchie/Homepage/EugeneLink' successfully

2019-11-01 11:12:22 - [MESSAGE][PASSED] - Scroll to object 'Object Repository/Dutchie/Homepage/EugeneLink' successfully

2019-11-01 11:12:22 - [TEST_STEP][PASSED] - click(findTestObject("Dutchie/Homepage/EugeneLink")): Object: 'Object Repository/Dutchie/Homepage/EugeneLink' is clicked on

2019-11-01 11:12:22 - [MESSAGE][PASSED] - Object: 'Object Repository/Dutchie/Homepage/EugeneLink' is clicked on

2019-11-01 11:12:22 - [TEST_STEP][PASSED] - waitForPageLoad(2): Wait for page load successfully

2019-11-01 11:12:22 - [MESSAGE][PASSED] - Wait for page load successfully

2019-11-01 11:12:22 - [TEST_STEP][PASSED] - click(findTestObject("Dutchie/Search results/OpenForDelivery")): Object: 'Object Repository/Dutchie/Search results/OpenForDelivery' is clicked on

2019-11-01 11:12:23 - [MESSAGE][PASSED] - Object: 'Object Repository/Dutchie/Search results/OpenForDelivery' is clicked on

2019-11-01 11:12:23 - [TEST_STEP][PASSED] - delay(2): Delayed 2 second(s)

2019-11-01 11:12:25 - [MESSAGE][PASSED] - Delayed 2 second(s)

2019-11-01 11:12:25 - [TEST_STEP][PASSED] - click(findTestObject("Dutchie/Search results/FreeDelivery")): Object: 'Object Repository/Dutchie/Search results/FreeDelivery' is clicked on

2019-11-01 11:12:26 - [MESSAGE][PASSED] - Object: 'Object Repository/Dutchie/Search results/FreeDelivery' is clicked on

2019-11-01 11:12:26 - [TEST_STEP][PASSED] - delay(2): Delayed 2 second(s)

2019-11-01 11:12:28 - [MESSAGE][PASSED] - Delayed 2 second(s)

2019-11-01 11:12:28 - [TEST_STEP][PASSED] - click(findTestObject("Dutchie/Search results/NoDeliveryMinimum")): Object: 'Object Repository/Dutchie/Search results/NoDeliveryMinimum' is clicked on

2019-11-01 11:12:28 - [MESSAGE][PASSED] - Object: 'Object Repository/Dutchie/Search results/NoDeliveryMinimum' is clicked on

2019-11-01 11:12:28 - [TEST_STEP][PASSED] - delay(2): Delayed 2 second(s)

2019-11-01 11:12:30 - [MESSAGE][PASSED] - Delayed 2 second(s)

2019-11-01 11:12:30 - [TEST_STEP][PASSED] - click(findTestObject("Dutchie/Search results/AcceptsCreditCards")): Object: 'Object Repository/Dutchie/Search results/AcceptsCreditCards' is clicked on

2019-11-01 11:12:31 - [MESSAGE][PASSED] - Object: 'Object Repository/Dutchie/Search results/AcceptsCreditCards' is clicked on

2019-11-01 11:12:31 - [TEST_STEP][PASSED] - delay(2): Delayed 2 second(s)

2019-11-01 11:12:33 - [MESSAGE][PASSED] - Delayed 2 second(s)

2019-11-01 11:12:33 - [TEST_STEP][PASSED] - verifyMatch("Amazon Organics", "Amazon Organics", false): Actual text 'Amazon Organics' and expected text 'Amazon Organics' are matched 

2019-11-01 11:12:33 - [MESSAGE][PASSED] - Actual text 'Amazon Organics' and expected text 'Amazon Organics' are matched 

2019-11-01 11:12:33 - [TEST_STEP][PASSED] - click(findTestObject("Dutchie/Search results/ClearAll")): Object: 'Object Repository/Dutchie/Search results/ClearAll' is clicked on

2019-11-01 11:12:33 - [MESSAGE][PASSED] - Object: 'Object Repository/Dutchie/Search results/ClearAll' is clicked on

2019-11-01 11:12:33 - [TEST_STEP][PASSED] - delay(2): Delayed 2 second(s)

2019-11-01 11:12:35 - [MESSAGE][PASSED] - Delayed 2 second(s)

2019-11-01 11:12:35 - [TEST_STEP][PASSED] - verifyMatch("Dispensaries (19)", "Dispensaries (19)", false): Actual text 'Dispensaries (19)' and expected text 'Dispensaries (19)' are matched 

2019-11-01 11:12:35 - [MESSAGE][PASSED] - Actual text 'Dispensaries (19)' and expected text 'Dispensaries (19)' are matched 

2019-11-01 11:12:35 - [TEST_STEP][PASSED] - click(findTestObject("Dutchie/Dispensary page/DutchieLogo")): Object: 'Object Repository/Dutchie/Dispensary page/DutchieLogo' is clicked on

2019-11-01 11:12:36 - [MESSAGE][PASSED] - Object: 'Object Repository/Dutchie/Dispensary page/DutchieLogo' is clicked on

2019-11-01 11:12:36 - [TEST_STEP][PASSED] - delay(2): Delayed 2 second(s)

2019-11-01 11:12:38 - [MESSAGE][PASSED] - Delayed 2 second(s)

2019-11-01 11:12:38 - [TEST_STEP][PASSED] - click(findTestObject("Dutchie/Dispensary page/DutchieLogo")): Object: 'Object Repository/Dutchie/Dispensary page/DutchieLogo' is clicked on

2019-11-01 11:12:38 - [MESSAGE][PASSED] - Object: 'Object Repository/Dutchie/Dispensary page/DutchieLogo' is clicked on]]></system-out>
         <system-err><![CDATA[]]></system-err>
      </testcase>
      <testcase name="Test Cases/Dutchie/Open TJs Willamette dispensary" time="1.044" classname="Test Cases/Dutchie/Open TJs Willamette dispensary" status="PASSED">
         <system-out><![CDATA[2019-11-01 11:12:38 - [TEST_CASE][PASSED] - Test Cases/Dutchie/Open TJs Willamette dispensary: Test Cases/Dutchie/Open TJs Willamette dispensary

2019-11-01 11:12:38 - [TEST_STEP][NOT_RUN] - callTestCase(findTestCase("Dutchie/Open Dutchie homepage"), [:], STOP_ON_FAILURE): NOT_RUN: callTestCase(findTestCase("Dutchie/Open Dutchie homepage"), [:], STOP_ON_FAILURE)

2019-11-01 11:12:38 - [MESSAGE][NOT_RUN] - NOT_RUN: callTestCase(findTestCase("Dutchie/Open Dutchie homepage"), [:], STOP_ON_FAILURE)

2019-11-01 11:12:38 - [TEST_STEP][PASSED] - scrollToElement(findTestObject("Dutchie/Homepage/TJsWillamette"), 2): Scroll to object 'Object Repository/Dutchie/Homepage/TJsWillamette' successfully

2019-11-01 11:12:39 - [MESSAGE][PASSED] - Scroll to object 'Object Repository/Dutchie/Homepage/TJsWillamette' successfully

2019-11-01 11:12:39 - [TEST_STEP][PASSED] - click(findTestObject("Dutchie/Homepage/TJsWillamette")): Object: 'Object Repository/Dutchie/Homepage/TJsWillamette' is clicked on

2019-11-01 11:12:39 - [MESSAGE][PASSED] - Object: 'Object Repository/Dutchie/Homepage/TJsWillamette' is clicked on

2019-11-01 11:12:39 - [TEST_STEP][PASSED] - waitForPageLoad(2): Wait for page load successfully

2019-11-01 11:12:39 - [MESSAGE][PASSED] - Wait for page load successfully]]></system-out>
         <system-err><![CDATA[]]></system-err>
      </testcase>
      <testcase name="Test Cases/Dutchie/Filter items from dispensary by Brand" time="11.275" classname="Test Cases/Dutchie/Filter items from dispensary by Brand" status="PASSED">
         <system-out><![CDATA[2019-11-01 11:12:39 - [TEST_CASE][PASSED] - Test Cases/Dutchie/Filter items from dispensary by Brand: Test Cases/Dutchie/Filter items from dispensary by Brand

2019-11-01 11:12:40 - [TEST_STEP][NOT_RUN] - callTestCase(findTestCase("Dutchie/Open TJs Willamette dispensary"), [:], STOP_ON_FAILURE): NOT_RUN: callTestCase(findTestCase("Dutchie/Open TJs Willamette dispensary"), [:], STOP_ON_FAILURE)

2019-11-01 11:12:40 - [MESSAGE][NOT_RUN] - NOT_RUN: callTestCase(findTestCase("Dutchie/Open TJs Willamette dispensary"), [:], STOP_ON_FAILURE)

2019-11-01 11:12:40 - [TEST_STEP][PASSED] - click(findTestObject("Dutchie/Dispensary page/BrandDropDown")): Object: 'Object Repository/Dutchie/Dispensary page/BrandDropDown' is clicked on

2019-11-01 11:12:42 - [MESSAGE][PASSED] - Object: 'Object Repository/Dutchie/Dispensary page/BrandDropDown' is clicked on

2019-11-01 11:12:42 - [TEST_STEP][PASSED] - delay(2): Delayed 2 second(s)

2019-11-01 11:12:44 - [MESSAGE][PASSED] - Delayed 2 second(s)

2019-11-01 11:12:44 - [TEST_STEP][PASSED] - scrollToElement(findTestObject("Dutchie/Dispensary page/Claim52BrandType"), 2): Scroll to object 'Object Repository/Dutchie/Dispensary page/Claim52BrandType' successfully

2019-11-01 11:12:44 - [MESSAGE][PASSED] - Scroll to object 'Object Repository/Dutchie/Dispensary page/Claim52BrandType' successfully

2019-11-01 11:12:44 - [TEST_STEP][PASSED] - click(findTestObject("Dutchie/Dispensary page/Claim52BrandType")): Object: 'Object Repository/Dutchie/Dispensary page/Claim52BrandType' is clicked on

2019-11-01 11:12:45 - [MESSAGE][PASSED] - Object: 'Object Repository/Dutchie/Dispensary page/Claim52BrandType' is clicked on

2019-11-01 11:12:45 - [TEST_STEP][PASSED] - delay(2): Delayed 2 second(s)

2019-11-01 11:12:47 - [MESSAGE][PASSED] - Delayed 2 second(s)

2019-11-01 11:12:47 - [TEST_STEP][PASSED] - click(findTestObject("Dutchie/Dispensary page/TJsX_Claim52RESTASH_JAR")): Object: 'Object Repository/Dutchie/Dispensary page/TJsX_Claim52RESTASH_JAR' is clicked on

2019-11-01 11:12:47 - [MESSAGE][PASSED] - Object: 'Object Repository/Dutchie/Dispensary page/TJsX_Claim52RESTASH_JAR' is clicked on

2019-11-01 11:12:47 - [TEST_STEP][PASSED] - switchToDefaultContent(): null

2019-11-01 11:12:47 - [TEST_STEP][PASSED] - delay(2): Delayed 2 second(s)

2019-11-01 11:12:49 - [MESSAGE][PASSED] - Delayed 2 second(s)

2019-11-01 11:12:49 - [TEST_STEP][PASSED] - click(findTestObject("Dutchie/Product modal/AddToCart_xpath")): Object: 'Object Repository/Dutchie/Product modal/AddToCart_xpath' is clicked on

2019-11-01 11:12:50 - [MESSAGE][PASSED] - Object: 'Object Repository/Dutchie/Product modal/AddToCart_xpath' is clicked on

2019-11-01 11:12:50 - [TEST_STEP][PASSED] - switchToDefaultContent(): null

2019-11-01 11:12:50 - [TEST_STEP][PASSED] - click(findTestObject("Dutchie/Post-checkout modal/GotItButton")): Object: 'Object Repository/Dutchie/Post-checkout modal/GotItButton' is clicked on

2019-11-01 11:12:51 - [MESSAGE][PASSED] - Object: 'Object Repository/Dutchie/Post-checkout modal/GotItButton' is clicked on

2019-11-01 11:12:51 - [TEST_STEP][NOT_RUN] - click(findTestObject("Dutchie/Dispensary page/DutchieLogo")): NOT_RUN: click(findTestObject("Dutchie/Dispensary page/DutchieLogo"))

2019-11-01 11:12:51 - [MESSAGE][NOT_RUN] - NOT_RUN: click(findTestObject("Dutchie/Dispensary page/DutchieLogo"))

2019-11-01 11:12:51 - [TEST_STEP][NOT_RUN] - waitForPageLoad(2): NOT_RUN: waitForPageLoad(2)

2019-11-01 11:12:51 - [MESSAGE][NOT_RUN] - NOT_RUN: waitForPageLoad(2)

2019-11-01 11:12:51 - [TEST_STEP][NOT_RUN] - click(findTestObject("Dutchie/Dispensary page/DutchieLogo")): NOT_RUN: click(findTestObject("Dutchie/Dispensary page/DutchieLogo"))

2019-11-01 11:12:51 - [MESSAGE][NOT_RUN] - NOT_RUN: click(findTestObject("Dutchie/Dispensary page/DutchieLogo"))]]></system-out>
         <system-err><![CDATA[]]></system-err>
      </testcase>
      <testcase name="Test Cases/Dutchie/Try to order item from closed dispensary" time="46.005" classname="Test Cases/Dutchie/Try to order item from closed dispensary" status="FAILED">
         <failure type="FAILED" message="Test Cases/Dutchie/Try to order item from closed dispensary FAILED.
Reason:
com.kms.katalon.core.exception.StepFailedException: Unable to click on object 'Object Repository/Dutchie/Dispensary page/BensonArborRoadDawg'
	at com.kms.katalon.core.webui.keyword.internal.WebUIKeywordMain.stepFailed(WebUIKeywordMain.groovy:64)
	at com.kms.katalon.core.webui.keyword.internal.WebUIKeywordMain.runKeyword(WebUIKeywordMain.groovy:26)
	at com.kms.katalon.core.webui.keyword.builtin.ClickKeyword.click(ClickKeyword.groovy:79)
	at com.kms.katalon.core.webui.keyword.builtin.ClickKeyword.execute(ClickKeyword.groovy:42)
	at com.kms.katalon.core.keyword.internal.KeywordExecutor.executeKeywordForPlatform(KeywordExecutor.groovy:60)
	at com.kms.katalon.core.webui.keyword.WebUiBuiltInKeywords.click(WebUiBuiltInKeywords.groovy:616)
	at com.kms.katalon.core.webui.keyword.WebUiBuiltInKeywords$click$2.call(Unknown Source)
	at Try to order item from closed dispensary.run(Try to order item from closed dispensary:21)
	at com.kms.katalon.core.main.ScriptEngine.run(ScriptEngine.java:194)
	at com.kms.katalon.core.main.ScriptEngine.runScriptAsRawText(ScriptEngine.java:119)
	at com.kms.katalon.core.main.TestCaseExecutor.runScript(TestCaseExecutor.java:337)
	at com.kms.katalon.core.main.TestCaseExecutor.doExecute(TestCaseExecutor.java:328)
	at com.kms.katalon.core.main.TestCaseExecutor.processExecutionPhase(TestCaseExecutor.java:307)
	at com.kms.katalon.core.main.TestCaseExecutor.accessMainPhase(TestCaseExecutor.java:299)
	at com.kms.katalon.core.main.TestCaseExecutor.execute(TestCaseExecutor.java:233)
	at com.kms.katalon.core.main.TestSuiteExecutor.accessTestCaseMainPhase(TestSuiteExecutor.java:169)
	at com.kms.katalon.core.main.TestSuiteExecutor.accessTestSuiteMainPhase(TestSuiteExecutor.java:142)
	at com.kms.katalon.core.main.TestSuiteExecutor.execute(TestSuiteExecutor.java:91)
	at com.kms.katalon.core.main.TestCaseMain.startTestSuite(TestCaseMain.java:157)
	at com.kms.katalon.core.main.TestCaseMain$startTestSuite$0.call(Unknown Source)
	at TempTestSuite1572603052803.run(TempTestSuite1572603052803.groovy:36)
Caused by: com.kms.katalon.core.webui.exception.WebElementNotFoundException: Web element with id: 'Object Repository/Dutchie/Dispensary page/BensonArborRoadDawg' located by 'By.xpath: //*[text()='Benson Arbor | Road Dawg']' not found
	at com.kms.katalon.core.webui.common.WebUiCommonHelper.findWebElement(WebUiCommonHelper.java:1113)
	at com.kms.katalon.core.webui.keyword.internal.WebUIAbstractKeyword.findWebElement(WebUIAbstractKeyword.groovy:27)
	at com.kms.katalon.core.webui.keyword.internal.WebUIAbstractKeyword.findWebElement(WebUIAbstractKeyword.groovy:26)
	at com.kms.katalon.core.webui.keyword.builtin.ClickKeyword$_click_closure1.doCall(ClickKeyword.groovy:52)
	at com.kms.katalon.core.webui.keyword.builtin.ClickKeyword$_click_closure1.call(ClickKeyword.groovy)
	at com.kms.katalon.core.webui.keyword.internal.WebUIKeywordMain.runKeyword(WebUIKeywordMain.groovy:20)
	... 19 more
"/>
         <system-out><![CDATA[2019-11-01 11:12:51 - [TEST_CASE][FAILED] - Test Cases/Dutchie/Try to order item from closed dispensary: Test Cases/Dutchie/Try to order item from closed dispensary FAILED.
Reason:
com.kms.katalon.core.exception.StepFailedException: Unable to click on object 'Object Repository/Dutchie/Dispensary page/BensonArborRoadDawg'
	at com.kms.katalon.core.webui.keyword.internal.WebUIKeywordMain.stepFailed(WebUIKeywordMain.groovy:64)
	at com.kms.katalon.core.webui.keyword.internal.WebUIKeywordMain.runKeyword(WebUIKeywordMain.groovy:26)
	at com.kms.katalon.core.webui.keyword.builtin.ClickKeyword.click(ClickKeyword.groovy:79)
	at com.kms.katalon.core.webui.keyword.builtin.ClickKeyword.execute(ClickKeyword.groovy:42)
	at com.kms.katalon.core.keyword.internal.KeywordExecutor.executeKeywordForPlatform(KeywordExecutor.groovy:60)
	at com.kms.katalon.core.webui.keyword.WebUiBuiltInKeywords.click(WebUiBuiltInKeywords.groovy:616)
	at com.kms.katalon.core.webui.keyword.WebUiBuiltInKeywords$click$2.call(Unknown Source)
	at Try to order item from closed dispensary.run(Try to order item from closed dispensary:21)
	at com.kms.katalon.core.main.ScriptEngine.run(ScriptEngine.java:194)
	at com.kms.katalon.core.main.ScriptEngine.runScriptAsRawText(ScriptEngine.java:119)
	at com.kms.katalon.core.main.TestCaseExecutor.runScript(TestCaseExecutor.java:337)
	at com.kms.katalon.core.main.TestCaseExecutor.doExecute(TestCaseExecutor.java:328)
	at com.kms.katalon.core.main.TestCaseExecutor.processExecutionPhase(TestCaseExecutor.java:307)
	at com.kms.katalon.core.main.TestCaseExecutor.accessMainPhase(TestCaseExecutor.java:299)
	at com.kms.katalon.core.main.TestCaseExecutor.execute(TestCaseExecutor.java:233)
	at com.kms.katalon.core.main.TestSuiteExecutor.accessTestCaseMainPhase(TestSuiteExecutor.java:169)
	at com.kms.katalon.core.main.TestSuiteExecutor.accessTestSuiteMainPhase(TestSuiteExecutor.java:142)
	at com.kms.katalon.core.main.TestSuiteExecutor.execute(TestSuiteExecutor.java:91)
	at com.kms.katalon.core.main.TestCaseMain.startTestSuite(TestCaseMain.java:157)
	at com.kms.katalon.core.main.TestCaseMain$startTestSuite$0.call(Unknown Source)
	at TempTestSuite1572603052803.run(TempTestSuite1572603052803.groovy:36)
Caused by: com.kms.katalon.core.webui.exception.WebElementNotFoundException: Web element with id: 'Object Repository/Dutchie/Dispensary page/BensonArborRoadDawg' located by 'By.xpath: //*[text()='Benson Arbor | Road Dawg']' not found
	at com.kms.katalon.core.webui.common.WebUiCommonHelper.findWebElement(WebUiCommonHelper.java:1113)
	at com.kms.katalon.core.webui.keyword.internal.WebUIAbstractKeyword.findWebElement(WebUIAbstractKeyword.groovy:27)
	at com.kms.katalon.core.webui.keyword.internal.WebUIAbstractKeyword.findWebElement(WebUIAbstractKeyword.groovy:26)
	at com.kms.katalon.core.webui.keyword.builtin.ClickKeyword$_click_closure1.doCall(ClickKeyword.groovy:52)
	at com.kms.katalon.core.webui.keyword.builtin.ClickKeyword$_click_closure1.call(ClickKeyword.groovy)
	at com.kms.katalon.core.webui.keyword.internal.WebUIKeywordMain.runKeyword(WebUIKeywordMain.groovy:20)
	... 19 more


2019-11-01 11:12:51 - [TEST_STEP][NOT_RUN] - callTestCase(findTestCase("Dutchie/Open TJs Willamette dispensary"), [:], STOP_ON_FAILURE): NOT_RUN: callTestCase(findTestCase("Dutchie/Open TJs Willamette dispensary"), [:], STOP_ON_FAILURE)

2019-11-01 11:12:51 - [MESSAGE][NOT_RUN] - NOT_RUN: callTestCase(findTestCase("Dutchie/Open TJs Willamette dispensary"), [:], STOP_ON_FAILURE)

2019-11-01 11:12:51 - [TEST_STEP][FAILED] - click(findTestObject("Dutchie/Dispensary page/BensonArborRoadDawg")): Unable to click on object 'Object Repository/Dutchie/Dispensary page/BensonArborRoadDawg' (Root cause: com.kms.katalon.core.exception.StepFailedException: Unable to click on object 'Object Repository/Dutchie/Dispensary page/BensonArborRoadDawg'
	at com.kms.katalon.core.webui.keyword.internal.WebUIKeywordMain.stepFailed(WebUIKeywordMain.groovy:64)
	at com.kms.katalon.core.webui.keyword.internal.WebUIKeywordMain.runKeyword(WebUIKeywordMain.groovy:26)
	at com.kms.katalon.core.webui.keyword.builtin.ClickKeyword.click(ClickKeyword.groovy:79)
	at com.kms.katalon.core.webui.keyword.builtin.ClickKeyword.execute(ClickKeyword.groovy:42)
	at com.kms.katalon.core.keyword.internal.KeywordExecutor.executeKeywordForPlatform(KeywordExecutor.groovy:60)
	at com.kms.katalon.core.webui.keyword.WebUiBuiltInKeywords.click(WebUiBuiltInKeywords.groovy:616)
	at com.kms.katalon.core.webui.keyword.WebUiBuiltInKeywords$click$2.call(Unknown Source)
	at Try to order item from closed dispensary.run(Try to order item from closed dispensary:21)
	at com.kms.katalon.core.main.ScriptEngine.run(ScriptEngine.java:194)
	at com.kms.katalon.core.main.ScriptEngine.runScriptAsRawText(ScriptEngine.java:119)
	at com.kms.katalon.core.main.TestCaseExecutor.runScript(TestCaseExecutor.java:337)
	at com.kms.katalon.core.main.TestCaseExecutor.doExecute(TestCaseExecutor.java:328)
	at com.kms.katalon.core.main.TestCaseExecutor.processExecutionPhase(TestCaseExecutor.java:307)
	at com.kms.katalon.core.main.TestCaseExecutor.accessMainPhase(TestCaseExecutor.java:299)
	at com.kms.katalon.core.main.TestCaseExecutor.execute(TestCaseExecutor.java:233)
	at com.kms.katalon.core.main.TestSuiteExecutor.accessTestCaseMainPhase(TestSuiteExecutor.java:169)
	at com.kms.katalon.core.main.TestSuiteExecutor.accessTestSuiteMainPhase(TestSuiteExecutor.java:142)
	at com.kms.katalon.core.main.TestSuiteExecutor.execute(TestSuiteExecutor.java:91)
	at com.kms.katalon.core.main.TestCaseMain.startTestSuite(TestCaseMain.java:157)
	at com.kms.katalon.core.main.TestCaseMain$startTestSuite$0.call(Unknown Source)
	at TempTestSuite1572603052803.run(TempTestSuite1572603052803.groovy:36)
Caused by: com.kms.katalon.core.webui.exception.WebElementNotFoundException: Web element with id: 'Object Repository/Dutchie/Dispensary page/BensonArborRoadDawg' located by 'By.xpath: //*[text()='Benson Arbor | Road Dawg']' not found
	at com.kms.katalon.core.webui.common.WebUiCommonHelper.findWebElement(WebUiCommonHelper.java:1113)
	at com.kms.katalon.core.webui.keyword.internal.WebUIAbstractKeyword.findWebElement(WebUIAbstractKeyword.groovy:27)
	at com.kms.katalon.core.webui.keyword.internal.WebUIAbstractKeyword.findWebElement(WebUIAbstractKeyword.groovy:26)
	at com.kms.katalon.core.webui.keyword.builtin.ClickKeyword$_click_closure1.doCall(ClickKeyword.groovy:52)
	at com.kms.katalon.core.webui.keyword.builtin.ClickKeyword$_click_closure1.call(ClickKeyword.groovy)
	at com.kms.katalon.core.webui.keyword.internal.WebUIKeywordMain.runKeyword(WebUIKeywordMain.groovy:20)
	at com.kms.katalon.core.webui.keyword.builtin.ClickKeyword.click(ClickKeyword.groovy:79)
	at com.kms.katalon.core.webui.keyword.builtin.ClickKeyword.execute(ClickKeyword.groovy:42)
	at com.kms.katalon.core.keyword.internal.KeywordExecutor.executeKeywordForPlatform(KeywordExecutor.groovy:60)
	at com.kms.katalon.core.webui.keyword.WebUiBuiltInKeywords.click(WebUiBuiltInKeywords.groovy:616)
	at com.kms.katalon.core.webui.keyword.WebUiBuiltInKeywords$click$2.call(Unknown Source)
	at Script1572592091375.run(Script1572592091375.groovy:21)
	... 13 more
)

2019-11-01 11:13:36 - [MESSAGE][INFO] - Unable to find the element located by 'By.xpath: //*[text()='Benson Arbor | Road Dawg']'. Please recheck the objects properties to make sure the desired element is located. 

2019-11-01 11:13:37 - [MESSAGE][FAILED] - Unable to click on object 'Object Repository/Dutchie/Dispensary page/BensonArborRoadDawg' (Root cause: com.kms.katalon.core.exception.StepFailedException: Unable to click on object 'Object Repository/Dutchie/Dispensary page/BensonArborRoadDawg'
	at com.kms.katalon.core.webui.keyword.internal.WebUIKeywordMain.stepFailed(WebUIKeywordMain.groovy:64)
	at com.kms.katalon.core.webui.keyword.internal.WebUIKeywordMain.runKeyword(WebUIKeywordMain.groovy:26)
	at com.kms.katalon.core.webui.keyword.builtin.ClickKeyword.click(ClickKeyword.groovy:79)
	at com.kms.katalon.core.webui.keyword.builtin.ClickKeyword.execute(ClickKeyword.groovy:42)
	at com.kms.katalon.core.keyword.internal.KeywordExecutor.executeKeywordForPlatform(KeywordExecutor.groovy:60)
	at com.kms.katalon.core.webui.keyword.WebUiBuiltInKeywords.click(WebUiBuiltInKeywords.groovy:616)
	at com.kms.katalon.core.webui.keyword.WebUiBuiltInKeywords$click$2.call(Unknown Source)
	at Try to order item from closed dispensary.run(Try to order item from closed dispensary:21)
	at com.kms.katalon.core.main.ScriptEngine.run(ScriptEngine.java:194)
	at com.kms.katalon.core.main.ScriptEngine.runScriptAsRawText(ScriptEngine.java:119)
	at com.kms.katalon.core.main.TestCaseExecutor.runScript(TestCaseExecutor.java:337)
	at com.kms.katalon.core.main.TestCaseExecutor.doExecute(TestCaseExecutor.java:328)
	at com.kms.katalon.core.main.TestCaseExecutor.processExecutionPhase(TestCaseExecutor.java:307)
	at com.kms.katalon.core.main.TestCaseExecutor.accessMainPhase(TestCaseExecutor.java:299)
	at com.kms.katalon.core.main.TestCaseExecutor.execute(TestCaseExecutor.java:233)
	at com.kms.katalon.core.main.TestSuiteExecutor.accessTestCaseMainPhase(TestSuiteExecutor.java:169)
	at com.kms.katalon.core.main.TestSuiteExecutor.accessTestSuiteMainPhase(TestSuiteExecutor.java:142)
	at com.kms.katalon.core.main.TestSuiteExecutor.execute(TestSuiteExecutor.java:91)
	at com.kms.katalon.core.main.TestCaseMain.startTestSuite(TestCaseMain.java:157)
	at com.kms.katalon.core.main.TestCaseMain$startTestSuite$0.call(Unknown Source)
	at TempTestSuite1572603052803.run(TempTestSuite1572603052803.groovy:36)
Caused by: com.kms.katalon.core.webui.exception.WebElementNotFoundException: Web element with id: 'Object Repository/Dutchie/Dispensary page/BensonArborRoadDawg' located by 'By.xpath: //*[text()='Benson Arbor | Road Dawg']' not found
	at com.kms.katalon.core.webui.common.WebUiCommonHelper.findWebElement(WebUiCommonHelper.java:1113)
	at com.kms.katalon.core.webui.keyword.internal.WebUIAbstractKeyword.findWebElement(WebUIAbstractKeyword.groovy:27)
	at com.kms.katalon.core.webui.keyword.internal.WebUIAbstractKeyword.findWebElement(WebUIAbstractKeyword.groovy:26)
	at com.kms.katalon.core.webui.keyword.builtin.ClickKeyword$_click_closure1.doCall(ClickKeyword.groovy:52)
	at com.kms.katalon.core.webui.keyword.builtin.ClickKeyword$_click_closure1.call(ClickKeyword.groovy)
	at com.kms.katalon.core.webui.keyword.internal.WebUIKeywordMain.runKeyword(WebUIKeywordMain.groovy:20)
	at com.kms.katalon.core.webui.keyword.builtin.ClickKeyword.click(ClickKeyword.groovy:79)
	at com.kms.katalon.core.webui.keyword.builtin.ClickKeyword.execute(ClickKeyword.groovy:42)
	at com.kms.katalon.core.keyword.internal.KeywordExecutor.executeKeywordForPlatform(KeywordExecutor.groovy:60)
	at com.kms.katalon.core.webui.keyword.WebUiBuiltInKeywords.click(WebUiBuiltInKeywords.groovy:616)
	at com.kms.katalon.core.webui.keyword.WebUiBuiltInKeywords$click$2.call(Unknown Source)
	at Script1572592091375.run(Script1572592091375.groovy:21)
	... 13 more
)
[[ATTACHMENT|C:\\Users\\Bojana-PC\\git\\Katalon_studio\\Reports\\20191101_111048\\Dispensaries (working hours, filters, search results)\\20191101_111048\\1572603216501.png]]]]></system-out>
         <system-err><![CDATA[2019-11-01 11:12:51 - [TEST_CASE][FAILED] - Test Cases/Dutchie/Try to order item from closed dispensary: Test Cases/Dutchie/Try to order item from closed dispensary FAILED.
Reason:
com.kms.katalon.core.exception.StepFailedException: Unable to click on object 'Object Repository/Dutchie/Dispensary page/BensonArborRoadDawg'
	at com.kms.katalon.core.webui.keyword.internal.WebUIKeywordMain.stepFailed(WebUIKeywordMain.groovy:64)
	at com.kms.katalon.core.webui.keyword.internal.WebUIKeywordMain.runKeyword(WebUIKeywordMain.groovy:26)
	at com.kms.katalon.core.webui.keyword.builtin.ClickKeyword.click(ClickKeyword.groovy:79)
	at com.kms.katalon.core.webui.keyword.builtin.ClickKeyword.execute(ClickKeyword.groovy:42)
	at com.kms.katalon.core.keyword.internal.KeywordExecutor.executeKeywordForPlatform(KeywordExecutor.groovy:60)
	at com.kms.katalon.core.webui.keyword.WebUiBuiltInKeywords.click(WebUiBuiltInKeywords.groovy:616)
	at com.kms.katalon.core.webui.keyword.WebUiBuiltInKeywords$click$2.call(Unknown Source)
	at Try to order item from closed dispensary.run(Try to order item from closed dispensary:21)
	at com.kms.katalon.core.main.ScriptEngine.run(ScriptEngine.java:194)
	at com.kms.katalon.core.main.ScriptEngine.runScriptAsRawText(ScriptEngine.java:119)
	at com.kms.katalon.core.main.TestCaseExecutor.runScript(TestCaseExecutor.java:337)
	at com.kms.katalon.core.main.TestCaseExecutor.doExecute(TestCaseExecutor.java:328)
	at com.kms.katalon.core.main.TestCaseExecutor.processExecutionPhase(TestCaseExecutor.java:307)
	at com.kms.katalon.core.main.TestCaseExecutor.accessMainPhase(TestCaseExecutor.java:299)
	at com.kms.katalon.core.main.TestCaseExecutor.execute(TestCaseExecutor.java:233)
	at com.kms.katalon.core.main.TestSuiteExecutor.accessTestCaseMainPhase(TestSuiteExecutor.java:169)
	at com.kms.katalon.core.main.TestSuiteExecutor.accessTestSuiteMainPhase(TestSuiteExecutor.java:142)
	at com.kms.katalon.core.main.TestSuiteExecutor.execute(TestSuiteExecutor.java:91)
	at com.kms.katalon.core.main.TestCaseMain.startTestSuite(TestCaseMain.java:157)
	at com.kms.katalon.core.main.TestCaseMain$startTestSuite$0.call(Unknown Source)
	at TempTestSuite1572603052803.run(TempTestSuite1572603052803.groovy:36)
Caused by: com.kms.katalon.core.webui.exception.WebElementNotFoundException: Web element with id: 'Object Repository/Dutchie/Dispensary page/BensonArborRoadDawg' located by 'By.xpath: //*[text()='Benson Arbor | Road Dawg']' not found
	at com.kms.katalon.core.webui.common.WebUiCommonHelper.findWebElement(WebUiCommonHelper.java:1113)
	at com.kms.katalon.core.webui.keyword.internal.WebUIAbstractKeyword.findWebElement(WebUIAbstractKeyword.groovy:27)
	at com.kms.katalon.core.webui.keyword.internal.WebUIAbstractKeyword.findWebElement(WebUIAbstractKeyword.groovy:26)
	at com.kms.katalon.core.webui.keyword.builtin.ClickKeyword$_click_closure1.doCall(ClickKeyword.groovy:52)
	at com.kms.katalon.core.webui.keyword.builtin.ClickKeyword$_click_closure1.call(ClickKeyword.groovy)
	at com.kms.katalon.core.webui.keyword.internal.WebUIKeywordMain.runKeyword(WebUIKeywordMain.groovy:20)
	... 19 more]]></system-err>
      </testcase>
      <system-out><![CDATA[2019-11-01 11:10:55 - [TEST_SUITE][FAILED] - Dispensaries (working hours, filters, search results): Test Cases/Dutchie/Try to order item from closed dispensary FAILED.
Reason:
com.kms.katalon.core.exception.StepFailedException: Unable to click on object 'Object Repository/Dutchie/Dispensary page/BensonArborRoadDawg'
	at com.kms.katalon.core.webui.keyword.internal.WebUIKeywordMain.stepFailed(WebUIKeywordMain.groovy:64)
	at com.kms.katalon.core.webui.keyword.internal.WebUIKeywordMain.runKeyword(WebUIKeywordMain.groovy:26)
	at com.kms.katalon.core.webui.keyword.builtin.ClickKeyword.click(ClickKeyword.groovy:79)
	at com.kms.katalon.core.webui.keyword.builtin.ClickKeyword.execute(ClickKeyword.groovy:42)
	at com.kms.katalon.core.keyword.internal.KeywordExecutor.executeKeywordForPlatform(KeywordExecutor.groovy:60)
	at com.kms.katalon.core.webui.keyword.WebUiBuiltInKeywords.click(WebUiBuiltInKeywords.groovy:616)
	at com.kms.katalon.core.webui.keyword.WebUiBuiltInKeywords$click$2.call(Unknown Source)
	at Try to order item from closed dispensary.run(Try to order item from closed dispensary:21)
	at com.kms.katalon.core.main.ScriptEngine.run(ScriptEngine.java:194)
	at com.kms.katalon.core.main.ScriptEngine.runScriptAsRawText(ScriptEngine.java:119)
	at com.kms.katalon.core.main.TestCaseExecutor.runScript(TestCaseExecutor.java:337)
	at com.kms.katalon.core.main.TestCaseExecutor.doExecute(TestCaseExecutor.java:328)
	at com.kms.katalon.core.main.TestCaseExecutor.processExecutionPhase(TestCaseExecutor.java:307)
	at com.kms.katalon.core.main.TestCaseExecutor.accessMainPhase(TestCaseExecutor.java:299)
	at com.kms.katalon.core.main.TestCaseExecutor.execute(TestCaseExecutor.java:233)
	at com.kms.katalon.core.main.TestSuiteExecutor.accessTestCaseMainPhase(TestSuiteExecutor.java:169)
	at com.kms.katalon.core.main.TestSuiteExecutor.accessTestSuiteMainPhase(TestSuiteExecutor.java:142)
	at com.kms.katalon.core.main.TestSuiteExecutor.execute(TestSuiteExecutor.java:91)
	at com.kms.katalon.core.main.TestCaseMain.startTestSuite(TestCaseMain.java:157)
	at com.kms.katalon.core.main.TestCaseMain$startTestSuite$0.call(Unknown Source)
	at TempTestSuite1572603052803.run(TempTestSuite1572603052803.groovy:36)
Caused by: com.kms.katalon.core.webui.exception.WebElementNotFoundException: Web element with id: 'Object Repository/Dutchie/Dispensary page/BensonArborRoadDawg' located by 'By.xpath: //*[text()='Benson Arbor | Road Dawg']' not found
	at com.kms.katalon.core.webui.common.WebUiCommonHelper.findWebElement(WebUiCommonHelper.java:1113)
	at com.kms.katalon.core.webui.keyword.internal.WebUIAbstractKeyword.findWebElement(WebUIAbstractKeyword.groovy:27)
	at com.kms.katalon.core.webui.keyword.internal.WebUIAbstractKeyword.findWebElement(WebUIAbstractKeyword.groovy:26)
	at com.kms.katalon.core.webui.keyword.builtin.ClickKeyword$_click_closure1.doCall(ClickKeyword.groovy:52)
	at com.kms.katalon.core.webui.keyword.builtin.ClickKeyword$_click_closure1.call(ClickKeyword.groovy)
	at com.kms.katalon.core.webui.keyword.internal.WebUIKeywordMain.runKeyword(WebUIKeywordMain.groovy:20)
	... 19 more]]></system-out>
      <system-err><![CDATA[2019-11-01 11:10:55 - [TEST_SUITE][FAILED] - Dispensaries (working hours, filters, search results): Test Cases/Dutchie/Try to order item from closed dispensary FAILED.
Reason:
com.kms.katalon.core.exception.StepFailedException: Unable to click on object 'Object Repository/Dutchie/Dispensary page/BensonArborRoadDawg'
	at com.kms.katalon.core.webui.keyword.internal.WebUIKeywordMain.stepFailed(WebUIKeywordMain.groovy:64)
	at com.kms.katalon.core.webui.keyword.internal.WebUIKeywordMain.runKeyword(WebUIKeywordMain.groovy:26)
	at com.kms.katalon.core.webui.keyword.builtin.ClickKeyword.click(ClickKeyword.groovy:79)
	at com.kms.katalon.core.webui.keyword.builtin.ClickKeyword.execute(ClickKeyword.groovy:42)
	at com.kms.katalon.core.keyword.internal.KeywordExecutor.executeKeywordForPlatform(KeywordExecutor.groovy:60)
	at com.kms.katalon.core.webui.keyword.WebUiBuiltInKeywords.click(WebUiBuiltInKeywords.groovy:616)
	at com.kms.katalon.core.webui.keyword.WebUiBuiltInKeywords$click$2.call(Unknown Source)
	at Try to order item from closed dispensary.run(Try to order item from closed dispensary:21)
	at com.kms.katalon.core.main.ScriptEngine.run(ScriptEngine.java:194)
	at com.kms.katalon.core.main.ScriptEngine.runScriptAsRawText(ScriptEngine.java:119)
	at com.kms.katalon.core.main.TestCaseExecutor.runScript(TestCaseExecutor.java:337)
	at com.kms.katalon.core.main.TestCaseExecutor.doExecute(TestCaseExecutor.java:328)
	at com.kms.katalon.core.main.TestCaseExecutor.processExecutionPhase(TestCaseExecutor.java:307)
	at com.kms.katalon.core.main.TestCaseExecutor.accessMainPhase(TestCaseExecutor.java:299)
	at com.kms.katalon.core.main.TestCaseExecutor.execute(TestCaseExecutor.java:233)
	at com.kms.katalon.core.main.TestSuiteExecutor.accessTestCaseMainPhase(TestSuiteExecutor.java:169)
	at com.kms.katalon.core.main.TestSuiteExecutor.accessTestSuiteMainPhase(TestSuiteExecutor.java:142)
	at com.kms.katalon.core.main.TestSuiteExecutor.execute(TestSuiteExecutor.java:91)
	at com.kms.katalon.core.main.TestCaseMain.startTestSuite(TestCaseMain.java:157)
	at com.kms.katalon.core.main.TestCaseMain$startTestSuite$0.call(Unknown Source)
	at TempTestSuite1572603052803.run(TempTestSuite1572603052803.groovy:36)
Caused by: com.kms.katalon.core.webui.exception.WebElementNotFoundException: Web element with id: 'Object Repository/Dutchie/Dispensary page/BensonArborRoadDawg' located by 'By.xpath: //*[text()='Benson Arbor | Road Dawg']' not found
	at com.kms.katalon.core.webui.common.WebUiCommonHelper.findWebElement(WebUiCommonHelper.java:1113)
	at com.kms.katalon.core.webui.keyword.internal.WebUIAbstractKeyword.findWebElement(WebUIAbstractKeyword.groovy:27)
	at com.kms.katalon.core.webui.keyword.internal.WebUIAbstractKeyword.findWebElement(WebUIAbstractKeyword.groovy:26)
	at com.kms.katalon.core.webui.keyword.builtin.ClickKeyword$_click_closure1.doCall(ClickKeyword.groovy:52)
	at com.kms.katalon.core.webui.keyword.builtin.ClickKeyword$_click_closure1.call(ClickKeyword.groovy)
	at com.kms.katalon.core.webui.keyword.internal.WebUIKeywordMain.runKeyword(WebUIKeywordMain.groovy:20)
	... 19 more]]></system-err>
   </testsuite>
</testsuites>
